                                      1 ;--------------------------------------------------------
                                      2 ; File Created by SDCC : free open source ISO C Compiler
                                      3 ; Version 4.5.1 #15267 (MINGW64)
                                      4 ;--------------------------------------------------------
                                      5 	.module clownfish_ts
                                      6 	
                                      7 ;--------------------------------------------------------
                                      8 ; Public variables in this module
                                      9 ;--------------------------------------------------------
                                     10 	.globl _clownfish_ts
                                     11 	.globl _clownfish_tsCGB
                                     12 ;--------------------------------------------------------
                                     13 ; special function registers
                                     14 ;--------------------------------------------------------
                                     15 ;--------------------------------------------------------
                                     16 ; ram data
                                     17 ;--------------------------------------------------------
                                     18 	.area _DATA
                                     19 ;--------------------------------------------------------
                                     20 ; ram data
                                     21 ;--------------------------------------------------------
                                     22 	.area _INITIALIZED
                                     23 ;--------------------------------------------------------
                                     24 ; absolute external ram data
                                     25 ;--------------------------------------------------------
                                     26 	.area _DABS (ABS)
                                     27 ;--------------------------------------------------------
                                     28 ; global & static initialisations
                                     29 ;--------------------------------------------------------
                                     30 	.area _HOME
                                     31 	.area _GSINIT
                                     32 	.area _GSFINAL
                                     33 	.area _GSINIT
                                     34 ;--------------------------------------------------------
                                     35 ; Home
                                     36 ;--------------------------------------------------------
                                     37 	.area _HOME
                                     38 	.area _HOME
                                     39 ;--------------------------------------------------------
                                     40 ; code
                                     41 ;--------------------------------------------------------
                                     42 	.area _CODE
                                     43 	.area _CODE
    00000000                         44 _clownfish_tsCGB:
    00000000 00                      45 	.db #0x00	; 0
    00000001 00                      46 	.db #0x00	; 0
    00000002 00                      47 	.db #0x00	; 0
    00000003 00                      48 	.db #0x00	; 0
    00000004 00                      49 	.db #0x00	; 0
    00000005 00                      50 	.db #0x00	; 0
    00000006 00                      51 	.db #0x00	; 0
    00000007                         52 _clownfish_ts:
    00000007 00                      53 	.db #0x00	; 0
    00000008 00                      54 	.db #0x00	; 0
    00000009 00                      55 	.db #0x00	; 0
    0000000A 00                      56 	.db #0x00	; 0
    0000000B 00                      57 	.db #0x00	; 0
    0000000C 00                      58 	.db #0x00	; 0
    0000000D B7                      59 	.db #0xb7	; 183
    0000000E 4A                      60 	.db #0x4a	; 74	'J'
    0000000F B7                      61 	.db #0xb7	; 183
    00000010 48                      62 	.db #0x48	; 72	'H'
    00000011 00                      63 	.db #0x00	; 0
    00000012 00                      64 	.db #0x00	; 0
    00000013 00                      65 	.db #0x00	; 0
    00000014 00                      66 	.db #0x00	; 0
    00000015 00                      67 	.db #0x00	; 0
    00000016 00                      68 	.db #0x00	; 0
    00000017 00                      69 	.db #0x00	; 0
    00000018 00                      70 	.db #0x00	; 0
    00000019 06                      71 	.db #0x06	; 6
    0000001A 00                      72 	.db #0x00	; 0
    0000001B C7                      73 	.db #0xc7	; 199
    0000001C C8                      74 	.db #0xc8	; 200
    0000001D D7                      75 	.db #0xd7	; 215
    0000001E 2A                      76 	.db #0x2a	; 42
    0000001F D7                      77 	.db #0xd7	; 215
    00000020 28                      78 	.db #0x28	; 40
    00000021 C7                      79 	.db #0xc7	; 199
    00000022 C8                      80 	.db #0xc8	; 200
    00000023 06                      81 	.db #0x06	; 6
    00000024 00                      82 	.db #0x00	; 0
    00000025 00                      83 	.db #0x00	; 0
    00000026 00                      84 	.db #0x00	; 0
    00000027 01                      85 	.db #0x01	; 1
    00000028 01                      86 	.db #0x01	; 1
    00000029 03                      87 	.db #0x03	; 3
    0000002A 02                      88 	.db #0x02	; 2
    0000002B 07                      89 	.db #0x07	; 7
    0000002C 04                      90 	.db #0x04	; 4
    0000002D 07                      91 	.db #0x07	; 7
    0000002E 04                      92 	.db #0x04	; 4
    0000002F 6B                      93 	.db #0x6b	; 107	'k'
    00000030 6C                      94 	.db #0x6c	; 108	'l'
    00000031 FD                      95 	.db #0xfd	; 253
    00000032 92                      96 	.db #0x92	; 146
    00000033 ED                      97 	.db #0xed	; 237
    00000034 92                      98 	.db #0x92	; 146
    00000035 ED                      99 	.db #0xed	; 237
    00000036 92                     100 	.db #0x92	; 146
    00000037 C0                     101 	.db #0xc0	; 192
    00000038 C0                     102 	.db #0xc0	; 192
    00000039 E0                     103 	.db #0xe0	; 224
    0000003A 20                     104 	.db #0x20	; 32
    0000003B E0                     105 	.db #0xe0	; 224
    0000003C 20                     106 	.db #0x20	; 32
    0000003D E0                     107 	.db #0xe0	; 224
    0000003E 10                     108 	.db #0x10	; 16
    0000003F DC                     109 	.db #0xdc	; 220
    00000040 2C                     110 	.db #0x2c	; 44
    00000041 DE                     111 	.db #0xde	; 222
    00000042 22                     112 	.db #0x22	; 34
    00000043 DF                     113 	.db #0xdf	; 223
    00000044 29                     114 	.db #0x29	; 41
    00000045 D7                     115 	.db #0xd7	; 215
    00000046 29                     116 	.db #0x29	; 41
    00000047 ED                     117 	.db #0xed	; 237
    00000048 92                     118 	.db #0x92	; 146
    00000049 FD                     119 	.db #0xfd	; 253
    0000004A 92                     120 	.db #0x92	; 146
    0000004B 6B                     121 	.db #0x6b	; 107	'k'
    0000004C 6C                     122 	.db #0x6c	; 108	'l'
    0000004D 07                     123 	.db #0x07	; 7
    0000004E 06                     124 	.db #0x06	; 6
    0000004F 03                     125 	.db #0x03	; 3
    00000050 02                     126 	.db #0x02	; 2
    00000051 01                     127 	.db #0x01	; 1
    00000052 01                     128 	.db #0x01	; 1
    00000053 00                     129 	.db #0x00	; 0
    00000054 00                     130 	.db #0x00	; 0
    00000055 00                     131 	.db #0x00	; 0
    00000056 00                     132 	.db #0x00	; 0
    00000057 DF                     133 	.db #0xdf	; 223
    00000058 21                     134 	.db #0x21	; 33
    00000059 DE                     135 	.db #0xde	; 222
    0000005A 22                     136 	.db #0x22	; 34
    0000005B DC                     137 	.db #0xdc	; 220
    0000005C 2C                     138 	.db #0x2c	; 44
    0000005D E0                     139 	.db #0xe0	; 224
    0000005E 30                     140 	.db #0x30	; 48	'0'
    0000005F E0                     141 	.db #0xe0	; 224
    00000060 20                     142 	.db #0x20	; 32
    00000061 C0                     143 	.db #0xc0	; 192
    00000062 C0                     144 	.db #0xc0	; 192
    00000063 00                     145 	.db #0x00	; 0
    00000064 00                     146 	.db #0x00	; 0
    00000065 00                     147 	.db #0x00	; 0
    00000066 00                     148 	.db #0x00	; 0
    00000067 00                     149 	.db #0x00	; 0
    00000068 00                     150 	.db #0x00	; 0
    00000069 00                     151 	.db #0x00	; 0
    0000006A 00                     152 	.db #0x00	; 0
    0000006B 00                     153 	.db #0x00	; 0
    0000006C 00                     154 	.db #0x00	; 0
    0000006D 00                     155 	.db #0x00	; 0
    0000006E 00                     156 	.db #0x00	; 0
    0000006F 00                     157 	.db #0x00	; 0
    00000070 00                     158 	.db #0x00	; 0
    00000071 00                     159 	.db #0x00	; 0
    00000072 00                     160 	.db #0x00	; 0
    00000073 00                     161 	.db #0x00	; 0
    00000074 00                     162 	.db #0x00	; 0
    00000075 00                     163 	.db #0x00	; 0
    00000076 00                     164 	.db #0x00	; 0
                                    165 	.area _INITIALIZER
                                    166 	.area _CABS (ABS)
