                                      1 ;--------------------------------------------------------
                                      2 ; File Created by SDCC : free open source ISO C Compiler
                                      3 ; Version 4.5.1 #15267 (MINGW64)
                                      4 ;--------------------------------------------------------
                                      5 	.module gammaloreto_ts
                                      6 	
                                      7 ;--------------------------------------------------------
                                      8 ; Public variables in this module
                                      9 ;--------------------------------------------------------
                                     10 	.globl _gammaloreto_ts
                                     11 	.globl _gammaloreto_tsCGB
                                     12 ;--------------------------------------------------------
                                     13 ; special function registers
                                     14 ;--------------------------------------------------------
                                     15 ;--------------------------------------------------------
                                     16 ; ram data
                                     17 ;--------------------------------------------------------
                                     18 	.area _DATA
                                     19 ;--------------------------------------------------------
                                     20 ; ram data
                                     21 ;--------------------------------------------------------
                                     22 	.area _INITIALIZED
                                     23 ;--------------------------------------------------------
                                     24 ; absolute external ram data
                                     25 ;--------------------------------------------------------
                                     26 	.area _DABS (ABS)
                                     27 ;--------------------------------------------------------
                                     28 ; global & static initialisations
                                     29 ;--------------------------------------------------------
                                     30 	.area _HOME
                                     31 	.area _GSINIT
                                     32 	.area _GSFINAL
                                     33 	.area _GSINIT
                                     34 ;--------------------------------------------------------
                                     35 ; Home
                                     36 ;--------------------------------------------------------
                                     37 	.area _HOME
                                     38 	.area _HOME
                                     39 ;--------------------------------------------------------
                                     40 ; code
                                     41 ;--------------------------------------------------------
                                     42 	.area _CODE
                                     43 	.area _CODE
    00000000                         44 _gammaloreto_tsCGB:
    00000000 00                      45 	.db #0x00	; 0
    00000001 00                      46 	.db #0x00	; 0
    00000002 00                      47 	.db #0x00	; 0
    00000003 00                      48 	.db #0x00	; 0
    00000004 00                      49 	.db #0x00	; 0
    00000005 00                      50 	.db #0x00	; 0
    00000006                         51 _gammaloreto_ts:
    00000006 00                      52 	.db #0x00	; 0
    00000007 00                      53 	.db #0x00	; 0
    00000008 00                      54 	.db #0x00	; 0
    00000009 00                      55 	.db #0x00	; 0
    0000000A 00                      56 	.db #0x00	; 0
    0000000B 00                      57 	.db #0x00	; 0
    0000000C F2                      58 	.db #0xf2	; 242
    0000000D 0F                      59 	.db #0x0f	; 15
    0000000E F0                      60 	.db #0xf0	; 240
    0000000F 0F                      61 	.db #0x0f	; 15
    00000010 00                      62 	.db #0x00	; 0
    00000011 00                      63 	.db #0x00	; 0
    00000012 00                      64 	.db #0x00	; 0
    00000013 00                      65 	.db #0x00	; 0
    00000014 00                      66 	.db #0x00	; 0
    00000015 00                      67 	.db #0x00	; 0
    00000016 00                      68 	.db #0x00	; 0
    00000017 00                      69 	.db #0x00	; 0
    00000018 00                      70 	.db #0x00	; 0
    00000019 00                      71 	.db #0x00	; 0
    0000001A C0                      72 	.db #0xc0	; 192
    0000001B CE                      73 	.db #0xce	; 206
    0000001C E2                      74 	.db #0xe2	; 226
    0000001D 1F                      75 	.db #0x1f	; 31
    0000001E E0                      76 	.db #0xe0	; 224
    0000001F 1F                      77 	.db #0x1f	; 31
    00000020 C0                      78 	.db #0xc0	; 192
    00000021 CE                      79 	.db #0xce	; 206
    00000022 00                      80 	.db #0x00	; 0
    00000023 00                      81 	.db #0x00	; 0
    00000024 00                      82 	.db #0x00	; 0
    00000025 00                      83 	.db #0x00	; 0
    00000026 00                      84 	.db #0x00	; 0
    00000027 00                      85 	.db #0x00	; 0
    00000028 00                      86 	.db #0x00	; 0
    00000029 00                      87 	.db #0x00	; 0
    0000002A 00                      88 	.db #0x00	; 0
    0000002B 00                      89 	.db #0x00	; 0
    0000002C 00                      90 	.db #0x00	; 0
    0000002D 00                      91 	.db #0x00	; 0
    0000002E BF                      92 	.db #0xbf	; 191
    0000002F BF                      93 	.db #0xbf	; 191
    00000030 FE                      94 	.db #0xfe	; 254
    00000031 61                      95 	.db #0x61	; 97	'a'
    00000032 FF                      96 	.db #0xff	; 255
    00000033 00                      97 	.db #0x00	; 0
    00000034 FF                      98 	.db #0xff	; 255
    00000035 00                      99 	.db #0x00	; 0
    00000036 00                     100 	.db #0x00	; 0
    00000037 00                     101 	.db #0x00	; 0
    00000038 00                     102 	.db #0x00	; 0
    00000039 00                     103 	.db #0x00	; 0
    0000003A 00                     104 	.db #0x00	; 0
    0000003B 00                     105 	.db #0x00	; 0
    0000003C 00                     106 	.db #0x00	; 0
    0000003D 00                     107 	.db #0x00	; 0
    0000003E F8                     108 	.db #0xf8	; 248
    0000003F F8                     109 	.db #0xf8	; 248
    00000040 06                     110 	.db #0x06	; 6
    00000041 FE                     111 	.db #0xfe	; 254
    00000042 09                     112 	.db #0x09	; 9
    00000043 FF                     113 	.db #0xff	; 255
    00000044 01                     114 	.db #0x01	; 1
    00000045 FF                     115 	.db #0xff	; 255
    00000046 FF                     116 	.db #0xff	; 255
    00000047 00                     117 	.db #0x00	; 0
    00000048 FE                     118 	.db #0xfe	; 254
    00000049 61                     119 	.db #0x61	; 97	'a'
    0000004A 9F                     120 	.db #0x9f	; 159
    0000004B 9F                     121 	.db #0x9f	; 159
    0000004C 00                     122 	.db #0x00	; 0
    0000004D 00                     123 	.db #0x00	; 0
    0000004E 00                     124 	.db #0x00	; 0
    0000004F 00                     125 	.db #0x00	; 0
    00000050 00                     126 	.db #0x00	; 0
    00000051 00                     127 	.db #0x00	; 0
    00000052 00                     128 	.db #0x00	; 0
    00000053 00                     129 	.db #0x00	; 0
    00000054 00                     130 	.db #0x00	; 0
    00000055 00                     131 	.db #0x00	; 0
    00000056 01                     132 	.db #0x01	; 1
    00000057 FF                     133 	.db #0xff	; 255
    00000058 06                     134 	.db #0x06	; 6
    00000059 FE                     135 	.db #0xfe	; 254
    0000005A F8                     136 	.db #0xf8	; 248
    0000005B F8                     137 	.db #0xf8	; 248
    0000005C 00                     138 	.db #0x00	; 0
    0000005D 00                     139 	.db #0x00	; 0
    0000005E 00                     140 	.db #0x00	; 0
    0000005F 00                     141 	.db #0x00	; 0
    00000060 00                     142 	.db #0x00	; 0
    00000061 00                     143 	.db #0x00	; 0
    00000062 00                     144 	.db #0x00	; 0
    00000063 00                     145 	.db #0x00	; 0
    00000064 00                     146 	.db #0x00	; 0
    00000065 00                     147 	.db #0x00	; 0
                                    148 	.area _INITIALIZER
                                    149 	.area _CABS (ABS)
