                                      1 ;--------------------------------------------------------
                                      2 ; File Created by SDCC : free open source ISO C Compiler
                                      3 ; Version 4.5.1 #15267 (MINGW64)
                                      4 ;--------------------------------------------------------
                                      5 	.module lionfish_ts
                                      6 	
                                      7 ;--------------------------------------------------------
                                      8 ; Public variables in this module
                                      9 ;--------------------------------------------------------
                                     10 	.globl _lionfish_ts
                                     11 	.globl _lionfish_tsCGB
                                     12 ;--------------------------------------------------------
                                     13 ; special function registers
                                     14 ;--------------------------------------------------------
                                     15 ;--------------------------------------------------------
                                     16 ; ram data
                                     17 ;--------------------------------------------------------
                                     18 	.area _DATA
                                     19 ;--------------------------------------------------------
                                     20 ; ram data
                                     21 ;--------------------------------------------------------
                                     22 	.area _INITIALIZED
                                     23 ;--------------------------------------------------------
                                     24 ; absolute external ram data
                                     25 ;--------------------------------------------------------
                                     26 	.area _DABS (ABS)
                                     27 ;--------------------------------------------------------
                                     28 ; global & static initialisations
                                     29 ;--------------------------------------------------------
                                     30 	.area _HOME
                                     31 	.area _GSINIT
                                     32 	.area _GSFINAL
                                     33 	.area _GSINIT
                                     34 ;--------------------------------------------------------
                                     35 ; Home
                                     36 ;--------------------------------------------------------
                                     37 	.area _HOME
                                     38 	.area _HOME
                                     39 ;--------------------------------------------------------
                                     40 ; code
                                     41 ;--------------------------------------------------------
                                     42 	.area _CODE
                                     43 	.area _CODE
    00000000                         44 _lionfish_tsCGB:
    00000000 00                      45 	.db #0x00	; 0
    00000001 00                      46 	.db #0x00	; 0
    00000002 00                      47 	.db #0x00	; 0
    00000003 00                      48 	.db #0x00	; 0
    00000004 00                      49 	.db #0x00	; 0
    00000005 00                      50 	.db #0x00	; 0
    00000006                         51 _lionfish_ts:
    00000006 00                      52 	.db #0x00	; 0
    00000007 00                      53 	.db #0x00	; 0
    00000008 00                      54 	.db #0x00	; 0
    00000009 00                      55 	.db #0x00	; 0
    0000000A 00                      56 	.db #0x00	; 0
    0000000B 00                      57 	.db #0x00	; 0
    0000000C D2                      58 	.db #0xd2	; 210
    0000000D 2F                      59 	.db #0x2f	; 47
    0000000E D0                      60 	.db #0xd0	; 208
    0000000F 2F                      61 	.db #0x2f	; 47
    00000010 00                      62 	.db #0x00	; 0
    00000011 00                      63 	.db #0x00	; 0
    00000012 00                      64 	.db #0x00	; 0
    00000013 00                      65 	.db #0x00	; 0
    00000014 00                      66 	.db #0x00	; 0
    00000015 00                      67 	.db #0x00	; 0
    00000016 00                      68 	.db #0x00	; 0
    00000017 00                      69 	.db #0x00	; 0
    00000018 00                      70 	.db #0x00	; 0
    00000019 00                      71 	.db #0x00	; 0
    0000001A CA                      72 	.db #0xca	; 202
    0000001B C4                      73 	.db #0xc4	; 196
    0000001C 4A                      74 	.db #0x4a	; 74	'J'
    0000001D B7                      75 	.db #0xb7	; 183
    0000001E 4A                      76 	.db #0x4a	; 74	'J'
    0000001F B5                      77 	.db #0xb5	; 181
    00000020 CA                      78 	.db #0xca	; 202
    00000021 C4                      79 	.db #0xc4	; 196
    00000022 00                      80 	.db #0x00	; 0
    00000023 00                      81 	.db #0x00	; 0
    00000024 00                      82 	.db #0x00	; 0
    00000025 00                      83 	.db #0x00	; 0
    00000026 1C                      84 	.db #0x1c	; 28
    00000027 04                      85 	.db #0x04	; 4
    00000028 02                      86 	.db #0x02	; 2
    00000029 0E                      87 	.db #0x0e	; 14
    0000002A 65                      88 	.db #0x65	; 101	'e'
    0000002B 63                      89 	.db #0x63	; 99	'c'
    0000002C 71                      90 	.db #0x71	; 113	'q'
    0000002D 13                      91 	.db #0x13	; 19
    0000002E 1B                      92 	.db #0x1b	; 27
    0000002F 28                      93 	.db #0x28	; 40
    00000030 95                      94 	.db #0x95	; 149
    00000031 0A                      95 	.db #0x0a	; 10
    00000032 D5                      96 	.db #0xd5	; 213
    00000033 2A                      97 	.db #0x2a	; 42
    00000034 D5                      98 	.db #0xd5	; 213
    00000035 2A                      99 	.db #0x2a	; 42
    00000036 00                     100 	.db #0x00	; 0
    00000037 00                     101 	.db #0x00	; 0
    00000038 C0                     102 	.db #0xc0	; 192
    00000039 C0                     103 	.db #0xc0	; 192
    0000003A E0                     104 	.db #0xe0	; 224
    0000003B 20                     105 	.db #0x20	; 32
    0000003C 60                     106 	.db #0x60	; 96
    0000003D 60                     107 	.db #0x60	; 96
    0000003E F0                     108 	.db #0xf0	; 240
    0000003F D0                     109 	.db #0xd0	; 208
    00000040 48                     110 	.db #0x48	; 72	'H'
    00000041 B8                     111 	.db #0xb8	; 184
    00000042 44                     112 	.db #0x44	; 68	'D'
    00000043 BC                     113 	.db #0xbc	; 188
    00000044 52                     114 	.db #0x52	; 82	'R'
    00000045 BE                     115 	.db #0xbe	; 190
    00000046 95                     116 	.db #0x95	; 149
    00000047 0A                     117 	.db #0x0a	; 10
    00000048 15                     118 	.db #0x15	; 21
    00000049 0A                     119 	.db #0x0a	; 10
    0000004A 2A                     120 	.db #0x2a	; 42
    0000004B 19                     121 	.db #0x19	; 25
    0000004C 51                     122 	.db #0x51	; 81	'Q'
    0000004D 33                     123 	.db #0x33	; 51	'3'
    0000004E 65                     124 	.db #0x65	; 101	'e'
    0000004F 63                     125 	.db #0x63	; 99	'c'
    00000050 02                     126 	.db #0x02	; 2
    00000051 0E                     127 	.db #0x0e	; 14
    00000052 1C                     128 	.db #0x1c	; 28
    00000053 04                     129 	.db #0x04	; 4
    00000054 18                     130 	.db #0x18	; 24
    00000055 18                     131 	.db #0x18	; 24
    00000056 41                     132 	.db #0x41	; 65	'A'
    00000057 BF                     133 	.db #0xbf	; 191
    00000058 41                     134 	.db #0x41	; 65	'A'
    00000059 BF                     135 	.db #0xbf	; 191
    0000005A A2                     136 	.db #0xa2	; 162
    0000005B 5E                     137 	.db #0x5e	; 94
    0000005C 2C                     138 	.db #0x2c	; 44
    0000005D 1C                     139 	.db #0x1c	; 28
    0000005E 10                     140 	.db #0x10	; 16
    0000005F 70                     141 	.db #0x70	; 112	'p'
    00000060 E0                     142 	.db #0xe0	; 224
    00000061 20                     143 	.db #0x20	; 32
    00000062 C0                     144 	.db #0xc0	; 192
    00000063 C0                     145 	.db #0xc0	; 192
    00000064 00                     146 	.db #0x00	; 0
    00000065 00                     147 	.db #0x00	; 0
                                    148 	.area _INITIALIZER
                                    149 	.area _CABS (ABS)
