                                      1 ;--------------------------------------------------------
                                      2 ; File Created by SDCC : free open source ISO C Compiler
                                      3 ; Version 4.5.1 #15267 (MINGW64)
                                      4 ;--------------------------------------------------------
                                      5 	.module surgeonfish_ts
                                      6 	
                                      7 ;--------------------------------------------------------
                                      8 ; Public variables in this module
                                      9 ;--------------------------------------------------------
                                     10 	.globl _surgeonfish_ts
                                     11 	.globl _surgeonfish_tsCGB
                                     12 ;--------------------------------------------------------
                                     13 ; special function registers
                                     14 ;--------------------------------------------------------
                                     15 ;--------------------------------------------------------
                                     16 ; ram data
                                     17 ;--------------------------------------------------------
                                     18 	.area _DATA
                                     19 ;--------------------------------------------------------
                                     20 ; ram data
                                     21 ;--------------------------------------------------------
                                     22 	.area _INITIALIZED
                                     23 ;--------------------------------------------------------
                                     24 ; absolute external ram data
                                     25 ;--------------------------------------------------------
                                     26 	.area _DABS (ABS)
                                     27 ;--------------------------------------------------------
                                     28 ; global & static initialisations
                                     29 ;--------------------------------------------------------
                                     30 	.area _HOME
                                     31 	.area _GSINIT
                                     32 	.area _GSFINAL
                                     33 	.area _GSINIT
                                     34 ;--------------------------------------------------------
                                     35 ; Home
                                     36 ;--------------------------------------------------------
                                     37 	.area _HOME
                                     38 	.area _HOME
                                     39 ;--------------------------------------------------------
                                     40 ; code
                                     41 ;--------------------------------------------------------
                                     42 	.area _CODE
                                     43 	.area _CODE
    00000000                         44 _surgeonfish_tsCGB:
    00000000 00                      45 	.db #0x00	; 0
    00000001 00                      46 	.db #0x00	; 0
    00000002 00                      47 	.db #0x00	; 0
    00000003 00                      48 	.db #0x00	; 0
    00000004 00                      49 	.db #0x00	; 0
    00000005 00                      50 	.db #0x00	; 0
    00000006                         51 _surgeonfish_ts:
    00000006 00                      52 	.db #0x00	; 0
    00000007 00                      53 	.db #0x00	; 0
    00000008 00                      54 	.db #0x00	; 0
    00000009 00                      55 	.db #0x00	; 0
    0000000A 00                      56 	.db #0x00	; 0
    0000000B 00                      57 	.db #0x00	; 0
    0000000C 26                      58 	.db #0x26	; 38
    0000000D DB                      59 	.db #0xdb	; 219
    0000000E 24                      60 	.db #0x24	; 36
    0000000F DB                      61 	.db #0xdb	; 219
    00000010 00                      62 	.db #0x00	; 0
    00000011 00                      63 	.db #0x00	; 0
    00000012 00                      64 	.db #0x00	; 0
    00000013 00                      65 	.db #0x00	; 0
    00000014 00                      66 	.db #0x00	; 0
    00000015 00                      67 	.db #0x00	; 0
    00000016 00                      68 	.db #0x00	; 0
    00000017 00                      69 	.db #0x00	; 0
    00000018 00                      70 	.db #0x00	; 0
    00000019 06                      71 	.db #0x06	; 6
    0000001A C8                      72 	.db #0xc8	; 200
    0000001B C7                      73 	.db #0xc7	; 199
    0000001C 2A                      74 	.db #0x2a	; 42
    0000001D D7                      75 	.db #0xd7	; 215
    0000001E 28                      76 	.db #0x28	; 40
    0000001F D7                      77 	.db #0xd7	; 215
    00000020 C8                      78 	.db #0xc8	; 200
    00000021 C7                      79 	.db #0xc7	; 199
    00000022 00                      80 	.db #0x00	; 0
    00000023 06                      81 	.db #0x06	; 6
    00000024 00                      82 	.db #0x00	; 0
    00000025 00                      83 	.db #0x00	; 0
    00000026 00                      84 	.db #0x00	; 0
    00000027 00                      85 	.db #0x00	; 0
    00000028 0C                      86 	.db #0x0c	; 12
    00000029 00                      87 	.db #0x00	; 0
    0000002A 1F                      88 	.db #0x1f	; 31
    0000002B 00                      89 	.db #0x00	; 0
    0000002C 10                      90 	.db #0x10	; 16
    0000002D 0F                      91 	.db #0x0f	; 15
    0000002E 18                      92 	.db #0x18	; 24
    0000002F 07                      93 	.db #0x07	; 7
    00000030 98                      94 	.db #0x98	; 152
    00000031 07                      95 	.db #0x07	; 7
    00000032 50                      96 	.db #0x50	; 80	'P'
    00000033 8F                      97 	.db #0x8f	; 143
    00000034 20                      98 	.db #0x20	; 32
    00000035 DF                      99 	.db #0xdf	; 223
    00000036 00                     100 	.db #0x00	; 0
    00000037 00                     101 	.db #0x00	; 0
    00000038 00                     102 	.db #0x00	; 0
    00000039 00                     103 	.db #0x00	; 0
    0000003A C0                     104 	.db #0xc0	; 192
    0000003B 00                     105 	.db #0x00	; 0
    0000003C 60                     106 	.db #0x60	; 96
    0000003D 80                     107 	.db #0x80	; 128
    0000003E 70                     108 	.db #0x70	; 112	'p'
    0000003F 80                     109 	.db #0x80	; 128
    00000040 10                     110 	.db #0x10	; 16
    00000041 E0                     111 	.db #0xe0	; 224
    00000042 58                     112 	.db #0x58	; 88	'X'
    00000043 E0                     113 	.db #0xe0	; 224
    00000044 4C                     114 	.db #0x4c	; 76	'L'
    00000045 B0                     115 	.db #0xb0	; 176
    00000046 20                     116 	.db #0x20	; 32
    00000047 DF                     117 	.db #0xdf	; 223
    00000048 30                     118 	.db #0x30	; 48	'0'
    00000049 CF                     119 	.db #0xcf	; 207
    0000004A 58                     120 	.db #0x58	; 88	'X'
    0000004B 87                     121 	.db #0x87	; 135
    0000004C 88                     122 	.db #0x88	; 136
    0000004D 07                     123 	.db #0x07	; 7
    0000004E 08                     124 	.db #0x08	; 8
    0000004F 07                     125 	.db #0x07	; 7
    00000050 0F                     126 	.db #0x0f	; 15
    00000051 00                     127 	.db #0x00	; 0
    00000052 00                     128 	.db #0x00	; 0
    00000053 00                     129 	.db #0x00	; 0
    00000054 00                     130 	.db #0x00	; 0
    00000055 00                     131 	.db #0x00	; 0
    00000056 03                     132 	.db #0x03	; 3
    00000057 FC                     133 	.db #0xfc	; 252
    00000058 0C                     134 	.db #0x0c	; 12
    00000059 F0                     135 	.db #0xf0	; 240
    0000005A 18                     136 	.db #0x18	; 24
    0000005B E0                     137 	.db #0xe0	; 224
    0000005C 30                     138 	.db #0x30	; 48	'0'
    0000005D C0                     139 	.db #0xc0	; 192
    0000005E E0                     140 	.db #0xe0	; 224
    0000005F 00                     141 	.db #0x00	; 0
    00000060 80                     142 	.db #0x80	; 128
    00000061 00                     143 	.db #0x00	; 0
    00000062 00                     144 	.db #0x00	; 0
    00000063 00                     145 	.db #0x00	; 0
    00000064 00                     146 	.db #0x00	; 0
    00000065 00                     147 	.db #0x00	; 0
                                    148 	.area _INITIALIZER
                                    149 	.area _CABS (ABS)
