                                      1 ;--------------------------------------------------------
                                      2 ; File Created by SDCC : free open source ISO C Compiler
                                      3 ; Version 4.5.1 #15267 (MINGW64)
                                      4 ;--------------------------------------------------------
                                      5 	.module triggerfish_ts
                                      6 	
                                      7 ;--------------------------------------------------------
                                      8 ; Public variables in this module
                                      9 ;--------------------------------------------------------
                                     10 	.globl _triggerfish_ts
                                     11 	.globl _triggerfish_tsCGB
                                     12 ;--------------------------------------------------------
                                     13 ; special function registers
                                     14 ;--------------------------------------------------------
                                     15 ;--------------------------------------------------------
                                     16 ; ram data
                                     17 ;--------------------------------------------------------
                                     18 	.area _DATA
                                     19 ;--------------------------------------------------------
                                     20 ; ram data
                                     21 ;--------------------------------------------------------
                                     22 	.area _INITIALIZED
                                     23 ;--------------------------------------------------------
                                     24 ; absolute external ram data
                                     25 ;--------------------------------------------------------
                                     26 	.area _DABS (ABS)
                                     27 ;--------------------------------------------------------
                                     28 ; global & static initialisations
                                     29 ;--------------------------------------------------------
                                     30 	.area _HOME
                                     31 	.area _GSINIT
                                     32 	.area _GSFINAL
                                     33 	.area _GSINIT
                                     34 ;--------------------------------------------------------
                                     35 ; Home
                                     36 ;--------------------------------------------------------
                                     37 	.area _HOME
                                     38 	.area _HOME
                                     39 ;--------------------------------------------------------
                                     40 ; code
                                     41 ;--------------------------------------------------------
                                     42 	.area _CODE
                                     43 	.area _CODE
    00000000                         44 _triggerfish_tsCGB:
    00000000 00                      45 	.db #0x00	; 0
    00000001 00                      46 	.db #0x00	; 0
    00000002 00                      47 	.db #0x00	; 0
    00000003 00                      48 	.db #0x00	; 0
    00000004 00                      49 	.db #0x00	; 0
    00000005 00                      50 	.db #0x00	; 0
    00000006                         51 _triggerfish_ts:
    00000006 00                      52 	.db #0x00	; 0
    00000007 00                      53 	.db #0x00	; 0
    00000008 00                      54 	.db #0x00	; 0
    00000009 00                      55 	.db #0x00	; 0
    0000000A 00                      56 	.db #0x00	; 0
    0000000B 00                      57 	.db #0x00	; 0
    0000000C 26                      58 	.db #0x26	; 38
    0000000D DB                      59 	.db #0xdb	; 219
    0000000E 24                      60 	.db #0x24	; 36
    0000000F DB                      61 	.db #0xdb	; 219
    00000010 00                      62 	.db #0x00	; 0
    00000011 00                      63 	.db #0x00	; 0
    00000012 00                      64 	.db #0x00	; 0
    00000013 00                      65 	.db #0x00	; 0
    00000014 00                      66 	.db #0x00	; 0
    00000015 00                      67 	.db #0x00	; 0
    00000016 00                      68 	.db #0x00	; 0
    00000017 00                      69 	.db #0x00	; 0
    00000018 00                      70 	.db #0x00	; 0
    00000019 03                      71 	.db #0x03	; 3
    0000001A C2                      72 	.db #0xc2	; 194
    0000001B CD                      73 	.db #0xcd	; 205
    0000001C 2E                      74 	.db #0x2e	; 46
    0000001D D3                      75 	.db #0xd3	; 211
    0000001E 2E                      76 	.db #0x2e	; 46
    0000001F D1                      77 	.db #0xd1	; 209
    00000020 C6                      78 	.db #0xc6	; 198
    00000021 C9                      79 	.db #0xc9	; 201
    00000022 00                      80 	.db #0x00	; 0
    00000023 06                      81 	.db #0x06	; 6
    00000024 00                      82 	.db #0x00	; 0
    00000025 00                      83 	.db #0x00	; 0
    00000026 00                      84 	.db #0x00	; 0
    00000027 00                      85 	.db #0x00	; 0
    00000028 01                      86 	.db #0x01	; 1
    00000029 01                      87 	.db #0x01	; 1
    0000002A 00                      88 	.db #0x00	; 0
    0000002B 00                      89 	.db #0x00	; 0
    0000002C 01                      90 	.db #0x01	; 1
    0000002D 01                      91 	.db #0x01	; 1
    0000002E 01                      92 	.db #0x01	; 1
    0000002F 01                      93 	.db #0x01	; 1
    00000030 02                      94 	.db #0x02	; 2
    00000031 83                      95 	.db #0x83	; 131
    00000032 24                      96 	.db #0x24	; 36
    00000033 67                      97 	.db #0x67	; 103	'g'
    00000034 00                      98 	.db #0x00	; 0
    00000035 3F                      99 	.db #0x3f	; 63
    00000036 00                     100 	.db #0x00	; 0
    00000037 00                     101 	.db #0x00	; 0
    00000038 E0                     102 	.db #0xe0	; 224
    00000039 E0                     103 	.db #0xe0	; 224
    0000003A 90                     104 	.db #0x90	; 144
    0000003B F0                     105 	.db #0xf0	; 240
    0000003C 38                     106 	.db #0x38	; 56	'8'
    0000003D F8                     107 	.db #0xf8	; 248
    0000003E C4                     108 	.db #0xc4	; 196
    0000003F FC                     109 	.db #0xfc	; 252
    00000040 0E                     110 	.db #0x0e	; 14
    00000041 F2                     111 	.db #0xf2	; 242
    00000042 1F                     112 	.db #0x1f	; 31
    00000043 E9                     113 	.db #0xe9	; 233
    00000044 1F                     114 	.db #0x1f	; 31
    00000045 E1                     115 	.db #0xe1	; 225
    00000046 00                     116 	.db #0x00	; 0
    00000047 3F                     117 	.db #0x3f	; 63
    00000048 24                     118 	.db #0x24	; 36
    00000049 67                     119 	.db #0x67	; 103	'g'
    0000004A 02                     120 	.db #0x02	; 2
    0000004B 83                     121 	.db #0x83	; 131
    0000004C 01                     122 	.db #0x01	; 1
    0000004D 01                     123 	.db #0x01	; 1
    0000004E 01                     124 	.db #0x01	; 1
    0000004F 01                     125 	.db #0x01	; 1
    00000050 03                     126 	.db #0x03	; 3
    00000051 03                     127 	.db #0x03	; 3
    00000052 00                     128 	.db #0x00	; 0
    00000053 00                     129 	.db #0x00	; 0
    00000054 00                     130 	.db #0x00	; 0
    00000055 00                     131 	.db #0x00	; 0
    00000056 1F                     132 	.db #0x1f	; 31
    00000057 E1                     133 	.db #0xe1	; 225
    00000058 1F                     134 	.db #0x1f	; 31
    00000059 E1                     135 	.db #0xe1	; 225
    0000005A 0E                     136 	.db #0x0e	; 14
    0000005B F2                     137 	.db #0xf2	; 242
    0000005C E4                     138 	.db #0xe4	; 228
    0000005D FC                     139 	.db #0xfc	; 252
    0000005E 38                     140 	.db #0x38	; 56	'8'
    0000005F F8                     141 	.db #0xf8	; 248
    00000060 F0                     142 	.db #0xf0	; 240
    00000061 F0                     143 	.db #0xf0	; 240
    00000062 00                     144 	.db #0x00	; 0
    00000063 00                     145 	.db #0x00	; 0
    00000064 00                     146 	.db #0x00	; 0
    00000065 00                     147 	.db #0x00	; 0
                                    148 	.area _INITIALIZER
                                    149 	.area _CABS (ABS)
